<?xml version="1.0" encoding="utf-8"?><testsuites name="pytest tests"><testsuite name="pytest" errors="0" failures="0" skipped="0" tests="17" time="2.284" timestamp="2026-05-31T07:18:35.735281+00:00" hostname="agent-env-7ce23df2-387b-46ed-bbd2-8f937035d75c"><testcase classname="backend.tests.test_signal_bot.TestAuth" name="test_login_success" time="0.452" /><testcase classname="backend.tests.test_signal_bot.TestAuth" name="test_login_invalid" time="0.271" /><testcase classname="backend.tests.test_signal_bot.TestAuth" name="test_me_authenticated" time="0.328" /><testcase classname="backend.tests.test_signal_bot.TestAuth" name="test_me_unauthenticated" time="0.100" /><testcase classname="backend.tests.test_signal_bot.TestAuth" name="test_register_duplicate" time="0.051" /><testcase classname="backend.tests.test_signal_bot.TestAuth" name="test_register_new_user" time="0.272" /><testcase classname="backend.tests.test_signal_bot.TestSignals" name="test_list_signals" time="0.050" /><testcase classname="backend.tests.test_signal_bot.TestSignals" name="test_signals_filter_by_status" time="0.049" /><testcase classname="backend.tests.test_signal_bot.TestSignals" name="test_signals_unauthenticated" time="0.132" /><testcase classname="backend.tests.test_signal_bot.TestBotStatus" name="test_bot_status" time="0.051" /><testcase classname="backend.tests.test_signal_bot.TestBotStatus" name="test_bot_pause_resume" time="0.097" /><testcase classname="backend.tests.test_signal_bot.TestConfig" name="test_get_config" time="0.051" /><testcase classname="backend.tests.test_signal_bot.TestConfig" name="test_update_config" time="0.048" /><testcase classname="backend.tests.test_signal_bot.TestPerformance" name="test_get_performance" time="0.053" /><testcase classname="backend.tests.test_signal_bot.TestPerformance" name="test_equity_curve" time="0.049" /><testcase classname="backend.tests.test_signal_bot.TestExchanges" name="test_list_exchanges" time="0.051" /><testcase classname="backend.tests.test_signal_bot.TestDashboard" name="test_dashboard_stats" time="0.051" /></testsuite></testsuites>