<?xml version="1.0" encoding="utf-8"?><testsuites name="pytest tests"><testsuite name="pytest" errors="0" failures="0" skipped="0" tests="17" time="2.973" timestamp="2026-05-30T18:58:53.823499+00:00" hostname="agent-env-91d69e0d-3bc1-40e3-b5e0-bc9cfb5734e7"><testcase classname="backend.tests.test_signal_bot.TestAuth" name="test_login_success" time="0.846" /><testcase classname="backend.tests.test_signal_bot.TestAuth" name="test_login_invalid" time="0.297" /><testcase classname="backend.tests.test_signal_bot.TestAuth" name="test_me_authenticated" time="0.365" /><testcase classname="backend.tests.test_signal_bot.TestAuth" name="test_me_unauthenticated" time="0.084" /><testcase classname="backend.tests.test_signal_bot.TestAuth" name="test_register_duplicate" time="0.074" /><testcase classname="backend.tests.test_signal_bot.TestAuth" name="test_register_new_user" time="0.294" /><testcase classname="backend.tests.test_signal_bot.TestSignals" name="test_list_signals" time="0.076" /><testcase classname="backend.tests.test_signal_bot.TestSignals" name="test_signals_filter_by_status" time="0.077" /><testcase classname="backend.tests.test_signal_bot.TestSignals" name="test_signals_unauthenticated" time="0.092" /><testcase classname="backend.tests.test_signal_bot.TestBotStatus" name="test_bot_status" time="0.074" /><testcase classname="backend.tests.test_signal_bot.TestBotStatus" name="test_bot_pause_resume" time="0.141" /><testcase classname="backend.tests.test_signal_bot.TestConfig" name="test_get_config" time="0.067" /><testcase classname="backend.tests.test_signal_bot.TestConfig" name="test_update_config" time="0.071" /><testcase classname="backend.tests.test_signal_bot.TestPerformance" name="test_get_performance" time="0.069" /><testcase classname="backend.tests.test_signal_bot.TestPerformance" name="test_equity_curve" time="0.069" /><testcase classname="backend.tests.test_signal_bot.TestExchanges" name="test_list_exchanges" time="0.068" /><testcase classname="backend.tests.test_signal_bot.TestDashboard" name="test_dashboard_stats" time="0.067" /></testsuite></testsuites>